<?xml version="1.0" encoding="UTF-8"?>
<testsuite xmlns:xsi="http://www.w3.org/2001/XMLSchema-instance" xsi:noNamespaceSchemaLocation="https://maven.apache.org/surefire/maven-surefire-plugin/xsd/surefire-test-report-3.0.xsd" version="3.0" name="no.fortedigital.kafka.WikimediaSourceTaskTest" time="2.33" tests="1" errors="0" skipped="0" failures="0">
  <properties>
    <property name="java.specification.version" value="21"/>
    <property name="sun.jnu.encoding" value="UTF-8"/>
    <property name="java.class.path" value="/Users/daudmohamed/work/repo/cg-kafka/workshop2/sources/kafka-connect-wikimedia-source/target/test-classes:/Users/daudmohamed/work/repo/cg-kafka/workshop2/sources/kafka-connect-wikimedia-source/target/classes:/Users/daudmohamed/.m2/repository/org/apache/kafka/connect-api/3.3.2/connect-api-3.3.2.jar:/Users/daudmohamed/.m2/repository/org/apache/kafka/kafka-clients/3.3.2/kafka-clients-3.3.2.jar:/Users/daudmohamed/.m2/repository/com/github/luben/zstd-jni/1.5.2-1/zstd-jni-1.5.2-1.jar:/Users/daudmohamed/.m2/repository/org/lz4/lz4-java/1.8.0/lz4-java-1.8.0.jar:/Users/daudmohamed/.m2/repository/org/xerial/snappy/snappy-java/1.1.8.4/snappy-java-1.1.8.4.jar:/Users/daudmohamed/.m2/repository/org/slf4j/slf4j-api/1.7.36/slf4j-api-1.7.36.jar:/Users/daudmohamed/.m2/repository/javax/ws/rs/javax.ws.rs-api/2.1.1/javax.ws.rs-api-2.1.1.jar:/Users/daudmohamed/.m2/repository/junit/junit/4.12/junit-4.12.jar:/Users/daudmohamed/.m2/repository/org/hamcrest/hamcrest-core/1.3/hamcrest-core-1.3.jar:/Users/daudmohamed/.m2/repository/org/slf4j/slf4j-log4j12/1.7.25/slf4j-log4j12-1.7.25.jar:/Users/daudmohamed/.m2/repository/log4j/log4j/1.2.17/log4j-1.2.17.jar:/Users/daudmohamed/.m2/repository/com/mashape/unirest/unirest-java/1.4.9/unirest-java-1.4.9.jar:/Users/daudmohamed/.m2/repository/org/apache/httpcomponents/httpclient/4.5.2/httpclient-4.5.2.jar:/Users/daudmohamed/.m2/repository/org/apache/httpcomponents/httpcore/4.4.4/httpcore-4.4.4.jar:/Users/daudmohamed/.m2/repository/commons-logging/commons-logging/1.2/commons-logging-1.2.jar:/Users/daudmohamed/.m2/repository/commons-codec/commons-codec/1.9/commons-codec-1.9.jar:/Users/daudmohamed/.m2/repository/org/apache/httpcomponents/httpasyncclient/4.1.1/httpasyncclient-4.1.1.jar:/Users/daudmohamed/.m2/repository/org/apache/httpcomponents/httpcore-nio/4.4.4/httpcore-nio-4.4.4.jar:/Users/daudmohamed/.m2/repository/org/apache/httpcomponents/httpmime/4.5.2/httpmime-4.5.2.jar:/Users/daudmohamed/.m2/repository/org/json/json/20160212/json-20160212.jar:/Users/daudmohamed/.m2/repository/com/google/code/gson/gson/2.10.1/gson-2.10.1.jar:"/>
    <property name="java.vm.vendor" value="Amazon.com Inc."/>
    <property name="sun.arch.data.model" value="64"/>
    <property name="java.vendor.url" value="https://aws.amazon.com/corretto/"/>
    <property name="os.name" value="Mac OS X"/>
    <property name="java.vm.specification.version" value="21"/>
    <property name="sun.java.launcher" value="SUN_STANDARD"/>
    <property name="user.country" value="NO"/>
    <property name="sun.boot.library.path" value="/Users/daudmohamed/.sdkman/candidates/java/21-amzn/lib"/>
    <property name="sun.java.command" value="/Users/daudmohamed/work/repo/cg-kafka/workshop2/sources/kafka-connect-wikimedia-source/target/surefire/surefirebooter-20240223154537992_3.jar /Users/daudmohamed/work/repo/cg-kafka/workshop2/sources/kafka-connect-wikimedia-source/target/surefire 2024-02-23T15-45-37_951-jvmRun1 surefire-20240223154537992_1tmp surefire_0-20240223154537992_2tmp"/>
    <property name="http.nonProxyHosts" value="local|*.local|169.254/16|*.169.254/16|localhost|*.localhost|1|*.1|10.220.100.40|10.220.100.30|127.0.0.0/8|*.127.0.0.0/8|awiki.avinor.no|*.awiki.avinor.no|lv.no|*.lv.no|grafana.avinor.no|*.grafana.avinor.no|ga-parking.avinor.no|*.ga-parking.avinor.no|services3.avinor.no|*.services3.avinor.no|services3-test.avinor.no|*.services3-test.avinor.no|prometheus-test.avinor.no|*.prometheus-test.avinor.no|prometheus.avinor.no|*.prometheus.avinor.no|alertmanager.avinor.no|*.alertmanager.avinor.no|gaff.avinor.no|*.gaff.avinor.no|gaff-test.avinor.no|*.gaff-test.avinor.no|coin.avinor.no|*.coin.avinor.no|itns.avinor.no|*.itns.avinor.no|sts.avinor.no|*.sts.avinor.no|ga-parking-test.avinor.no|*.ga-parking-test.avinor.no|prosjektrapportering-test.avinor.no|*.prosjektrapportering-test.avinor.no|prosjektrapportering.avinor.no|*.prosjektrapportering.avinor.no|ifs-app10-cst.avinor.no|*.ifs-app10-cst.avinor.no|prosjektrapportering|*.prosjektrapportering|prosjektrapportering-test|*.prosjektrapportering-test|ga-parking|*.ga-parking|ga-parking-test|*.ga-parking-test|coin|*.coin|coin-test|*.coin-test|coin-stage.avinor.no|*.coin-stage.avinor.no|coin.avinor.no|*.coin.avinor.no|coin-test.avinor.no|*.coin-test.avinor.no|itns.avinor.no|*.itns.avinor.no| oppgaveportalen.avinor.no|*. oppgaveportalen.avinor.no| passwordstate.avinor.no|*. passwordstate.avinor.no| coin-new.avinor.no|*. coin-new.avinor.no|13.107.64.0/18|*.13.107.64.0/18| 52.112.0.0/14|*. 52.112.0.0/14| 52.122.0.0/15|*. 52.122.0.0/15| 2603:1063::/38|*. 2603:1063::/38|lync.com|*.lync.com| teams.microsoft.com&#10;13.107.64.0/18|*. teams.microsoft.com&#10;13.107.64.0/18| 52.112.0.0/14|*. 52.112.0.0/14| 52.122.0.0/15|*. 52.122.0.0/15| 52.238.119.141/32|*. 52.238.119.141/32| 52.244.160.207/32|*. 52.244.160.207/32| 2603:1027::/48|*. 2603:1027::/48| 2603:1037::/48|*. 2603:1037::/48| 2603:1047::/48|*. 2603:1047::/48| 2603:1057::/48|*. 2603:1057::/48| 2603:1063::/38|*. 2603:1063::/38| 2620:1ec:6::/48|*. 2620:1ec:6::/48| 2620:1ec:40::/42|*. 2620:1ec:40::/42|broadcast.skype.com|*.broadcast.skype.com| broadcast.skype.com&#10;13.107.64.0/18|*. broadcast.skype.com&#10;13.107.64.0/18| 52.112.0.0/14|*. 52.112.0.0/14| 52.122.0.0/15|*. 52.122.0.0/15| 52.238.119.141/32|*. 52.238.119.141/32| 52.244.160.207/32|*. 52.244.160.207/32| 2603:1027::/48|*. 2603:1027::/48| 2603:1037::/48|*. 2603:1037::/48| 2603:1047::/48|*. 2603:1047::/48| 2603:1057::/48|*. 2603:1057::/48| 2603:1063::/38|*. 2603:1063::/38| 2620:1ec:6::/48|*. 2620:1ec:6::/48| 2620:1ec:40::/42|*. 2620:1ec:40::/42|sfbassets.com|*.sfbassets.com|keydelivery.mediaservices.windows.net|*.keydelivery.mediaservices.windows.net| mlccdn.blob.core.windows.net|*. mlccdn.blob.core.windows.net|aka.ms|*.aka.ms|ecdn.microsoft.com|*.ecdn.microsoft.com|daud.dev|*.daud.dev"/>
    <property name="jdk.debug" value="release"/>
    <property name="surefire.test.class.path" value="/Users/daudmohamed/work/repo/cg-kafka/workshop2/sources/kafka-connect-wikimedia-source/target/test-classes:/Users/daudmohamed/work/repo/cg-kafka/workshop2/sources/kafka-connect-wikimedia-source/target/classes:/Users/daudmohamed/.m2/repository/org/apache/kafka/connect-api/3.3.2/connect-api-3.3.2.jar:/Users/daudmohamed/.m2/repository/org/apache/kafka/kafka-clients/3.3.2/kafka-clients-3.3.2.jar:/Users/daudmohamed/.m2/repository/com/github/luben/zstd-jni/1.5.2-1/zstd-jni-1.5.2-1.jar:/Users/daudmohamed/.m2/repository/org/lz4/lz4-java/1.8.0/lz4-java-1.8.0.jar:/Users/daudmohamed/.m2/repository/org/xerial/snappy/snappy-java/1.1.8.4/snappy-java-1.1.8.4.jar:/Users/daudmohamed/.m2/repository/org/slf4j/slf4j-api/1.7.36/slf4j-api-1.7.36.jar:/Users/daudmohamed/.m2/repository/javax/ws/rs/javax.ws.rs-api/2.1.1/javax.ws.rs-api-2.1.1.jar:/Users/daudmohamed/.m2/repository/junit/junit/4.12/junit-4.12.jar:/Users/daudmohamed/.m2/repository/org/hamcrest/hamcrest-core/1.3/hamcrest-core-1.3.jar:/Users/daudmohamed/.m2/repository/org/slf4j/slf4j-log4j12/1.7.25/slf4j-log4j12-1.7.25.jar:/Users/daudmohamed/.m2/repository/log4j/log4j/1.2.17/log4j-1.2.17.jar:/Users/daudmohamed/.m2/repository/com/mashape/unirest/unirest-java/1.4.9/unirest-java-1.4.9.jar:/Users/daudmohamed/.m2/repository/org/apache/httpcomponents/httpclient/4.5.2/httpclient-4.5.2.jar:/Users/daudmohamed/.m2/repository/org/apache/httpcomponents/httpcore/4.4.4/httpcore-4.4.4.jar:/Users/daudmohamed/.m2/repository/commons-logging/commons-logging/1.2/commons-logging-1.2.jar:/Users/daudmohamed/.m2/repository/commons-codec/commons-codec/1.9/commons-codec-1.9.jar:/Users/daudmohamed/.m2/repository/org/apache/httpcomponents/httpasyncclient/4.1.1/httpasyncclient-4.1.1.jar:/Users/daudmohamed/.m2/repository/org/apache/httpcomponents/httpcore-nio/4.4.4/httpcore-nio-4.4.4.jar:/Users/daudmohamed/.m2/repository/org/apache/httpcomponents/httpmime/4.5.2/httpmime-4.5.2.jar:/Users/daudmohamed/.m2/repository/org/json/json/20160212/json-20160212.jar:/Users/daudmohamed/.m2/repository/com/google/code/gson/gson/2.10.1/gson-2.10.1.jar:"/>
    <property name="sun.cpu.endian" value="little"/>
    <property name="user.home" value="/Users/daudmohamed"/>
    <property name="user.language" value="en"/>
    <property name="java.specification.vendor" value="Oracle Corporation"/>
    <property name="java.version.date" value="2023-09-19"/>
    <property name="java.home" value="/Users/daudmohamed/.sdkman/candidates/java/21-amzn"/>
    <property name="file.separator" value="/"/>
    <property name="basedir" value="/Users/daudmohamed/work/repo/cg-kafka/workshop2/sources/kafka-connect-wikimedia-source"/>
    <property name="java.vm.compressedOopsMode" value="Zero based"/>
    <property name="line.separator" value="&#10;"/>
    <property name="java.vm.specification.vendor" value="Oracle Corporation"/>
    <property name="java.specification.name" value="Java Platform API Specification"/>
    <property name="apple.awt.application.name" value="ForkedBooter"/>
    <property name="surefire.real.class.path" value="/Users/daudmohamed/work/repo/cg-kafka/workshop2/sources/kafka-connect-wikimedia-source/target/surefire/surefirebooter-20240223154537992_3.jar"/>
    <property name="sun.management.compiler" value="HotSpot 64-Bit Tiered Compilers"/>
    <property name="ftp.nonProxyHosts" value="local|*.local|169.254/16|*.169.254/16|localhost|*.localhost|1|*.1|10.220.100.40|10.220.100.30|127.0.0.0/8|*.127.0.0.0/8|awiki.avinor.no|*.awiki.avinor.no|lv.no|*.lv.no|grafana.avinor.no|*.grafana.avinor.no|ga-parking.avinor.no|*.ga-parking.avinor.no|services3.avinor.no|*.services3.avinor.no|services3-test.avinor.no|*.services3-test.avinor.no|prometheus-test.avinor.no|*.prometheus-test.avinor.no|prometheus.avinor.no|*.prometheus.avinor.no|alertmanager.avinor.no|*.alertmanager.avinor.no|gaff.avinor.no|*.gaff.avinor.no|gaff-test.avinor.no|*.gaff-test.avinor.no|coin.avinor.no|*.coin.avinor.no|itns.avinor.no|*.itns.avinor.no|sts.avinor.no|*.sts.avinor.no|ga-parking-test.avinor.no|*.ga-parking-test.avinor.no|prosjektrapportering-test.avinor.no|*.prosjektrapportering-test.avinor.no|prosjektrapportering.avinor.no|*.prosjektrapportering.avinor.no|ifs-app10-cst.avinor.no|*.ifs-app10-cst.avinor.no|prosjektrapportering|*.prosjektrapportering|prosjektrapportering-test|*.prosjektrapportering-test|ga-parking|*.ga-parking|ga-parking-test|*.ga-parking-test|coin|*.coin|coin-test|*.coin-test|coin-stage.avinor.no|*.coin-stage.avinor.no|coin.avinor.no|*.coin.avinor.no|coin-test.avinor.no|*.coin-test.avinor.no|itns.avinor.no|*.itns.avinor.no| oppgaveportalen.avinor.no|*. oppgaveportalen.avinor.no| passwordstate.avinor.no|*. passwordstate.avinor.no| coin-new.avinor.no|*. coin-new.avinor.no|13.107.64.0/18|*.13.107.64.0/18| 52.112.0.0/14|*. 52.112.0.0/14| 52.122.0.0/15|*. 52.122.0.0/15| 2603:1063::/38|*. 2603:1063::/38|lync.com|*.lync.com| teams.microsoft.com&#10;13.107.64.0/18|*. teams.microsoft.com&#10;13.107.64.0/18| 52.112.0.0/14|*. 52.112.0.0/14| 52.122.0.0/15|*. 52.122.0.0/15| 52.238.119.141/32|*. 52.238.119.141/32| 52.244.160.207/32|*. 52.244.160.207/32| 2603:1027::/48|*. 2603:1027::/48| 2603:1037::/48|*. 2603:1037::/48| 2603:1047::/48|*. 2603:1047::/48| 2603:1057::/48|*. 2603:1057::/48| 2603:1063::/38|*. 2603:1063::/38| 2620:1ec:6::/48|*. 2620:1ec:6::/48| 2620:1ec:40::/42|*. 2620:1ec:40::/42|broadcast.skype.com|*.broadcast.skype.com| broadcast.skype.com&#10;13.107.64.0/18|*. broadcast.skype.com&#10;13.107.64.0/18| 52.112.0.0/14|*. 52.112.0.0/14| 52.122.0.0/15|*. 52.122.0.0/15| 52.238.119.141/32|*. 52.238.119.141/32| 52.244.160.207/32|*. 52.244.160.207/32| 2603:1027::/48|*. 2603:1027::/48| 2603:1037::/48|*. 2603:1037::/48| 2603:1047::/48|*. 2603:1047::/48| 2603:1057::/48|*. 2603:1057::/48| 2603:1063::/38|*. 2603:1063::/38| 2620:1ec:6::/48|*. 2620:1ec:6::/48| 2620:1ec:40::/42|*. 2620:1ec:40::/42|sfbassets.com|*.sfbassets.com|keydelivery.mediaservices.windows.net|*.keydelivery.mediaservices.windows.net| mlccdn.blob.core.windows.net|*. mlccdn.blob.core.windows.net|aka.ms|*.aka.ms|ecdn.microsoft.com|*.ecdn.microsoft.com|daud.dev|*.daud.dev"/>
    <property name="java.runtime.version" value="21+35-LTS"/>
    <property name="user.name" value="daudmohamed"/>
    <property name="stdout.encoding" value="UTF-8"/>
    <property name="path.separator" value=":"/>
    <property name="os.version" value="13.6"/>
    <property name="java.runtime.name" value="OpenJDK Runtime Environment"/>
    <property name="file.encoding" value="UTF-8"/>
    <property name="java.vm.name" value="OpenJDK 64-Bit Server VM"/>
    <property name="java.vendor.version" value="Corretto-21.0.0.35.1"/>
    <property name="localRepository" value="/Users/daudmohamed/.m2/repository"/>
    <property name="java.vendor.url.bug" value="https://github.com/corretto/corretto-21/issues/"/>
    <property name="java.io.tmpdir" value="/var/folders/9m/0qj4tbqn06nfc9drplr8jknr0000gn/T/"/>
    <property name="java.version" value="21"/>
    <property name="user.dir" value="/Users/daudmohamed/work/repo/cg-kafka/workshop2/sources/kafka-connect-wikimedia-source"/>
    <property name="os.arch" value="aarch64"/>
    <property name="java.vm.specification.name" value="Java Virtual Machine Specification"/>
    <property name="native.encoding" value="UTF-8"/>
    <property name="java.library.path" value="/Users/daudmohamed/Library/Java/Extensions:/Library/Java/Extensions:/Network/Library/Java/Extensions:/System/Library/Java/Extensions:/usr/lib/java:."/>
    <property name="java.vm.info" value="mixed mode, sharing"/>
    <property name="stderr.encoding" value="UTF-8"/>
    <property name="java.vendor" value="Amazon.com Inc."/>
    <property name="java.vm.version" value="21+35-LTS"/>
    <property name="sun.io.unicode.encoding" value="UnicodeBig"/>
    <property name="socksNonProxyHosts" value="local|*.local|169.254/16|*.169.254/16|localhost|*.localhost|1|*.1|10.220.100.40|10.220.100.30|127.0.0.0/8|*.127.0.0.0/8|awiki.avinor.no|*.awiki.avinor.no|lv.no|*.lv.no|grafana.avinor.no|*.grafana.avinor.no|ga-parking.avinor.no|*.ga-parking.avinor.no|services3.avinor.no|*.services3.avinor.no|services3-test.avinor.no|*.services3-test.avinor.no|prometheus-test.avinor.no|*.prometheus-test.avinor.no|prometheus.avinor.no|*.prometheus.avinor.no|alertmanager.avinor.no|*.alertmanager.avinor.no|gaff.avinor.no|*.gaff.avinor.no|gaff-test.avinor.no|*.gaff-test.avinor.no|coin.avinor.no|*.coin.avinor.no|itns.avinor.no|*.itns.avinor.no|sts.avinor.no|*.sts.avinor.no|ga-parking-test.avinor.no|*.ga-parking-test.avinor.no|prosjektrapportering-test.avinor.no|*.prosjektrapportering-test.avinor.no|prosjektrapportering.avinor.no|*.prosjektrapportering.avinor.no|ifs-app10-cst.avinor.no|*.ifs-app10-cst.avinor.no|prosjektrapportering|*.prosjektrapportering|prosjektrapportering-test|*.prosjektrapportering-test|ga-parking|*.ga-parking|ga-parking-test|*.ga-parking-test|coin|*.coin|coin-test|*.coin-test|coin-stage.avinor.no|*.coin-stage.avinor.no|coin.avinor.no|*.coin.avinor.no|coin-test.avinor.no|*.coin-test.avinor.no|itns.avinor.no|*.itns.avinor.no| oppgaveportalen.avinor.no|*. oppgaveportalen.avinor.no| passwordstate.avinor.no|*. passwordstate.avinor.no| coin-new.avinor.no|*. coin-new.avinor.no|13.107.64.0/18|*.13.107.64.0/18| 52.112.0.0/14|*. 52.112.0.0/14| 52.122.0.0/15|*. 52.122.0.0/15| 2603:1063::/38|*. 2603:1063::/38|lync.com|*.lync.com| teams.microsoft.com&#10;13.107.64.0/18|*. teams.microsoft.com&#10;13.107.64.0/18| 52.112.0.0/14|*. 52.112.0.0/14| 52.122.0.0/15|*. 52.122.0.0/15| 52.238.119.141/32|*. 52.238.119.141/32| 52.244.160.207/32|*. 52.244.160.207/32| 2603:1027::/48|*. 2603:1027::/48| 2603:1037::/48|*. 2603:1037::/48| 2603:1047::/48|*. 2603:1047::/48| 2603:1057::/48|*. 2603:1057::/48| 2603:1063::/38|*. 2603:1063::/38| 2620:1ec:6::/48|*. 2620:1ec:6::/48| 2620:1ec:40::/42|*. 2620:1ec:40::/42|broadcast.skype.com|*.broadcast.skype.com| broadcast.skype.com&#10;13.107.64.0/18|*. broadcast.skype.com&#10;13.107.64.0/18| 52.112.0.0/14|*. 52.112.0.0/14| 52.122.0.0/15|*. 52.122.0.0/15| 52.238.119.141/32|*. 52.238.119.141/32| 52.244.160.207/32|*. 52.244.160.207/32| 2603:1027::/48|*. 2603:1027::/48| 2603:1037::/48|*. 2603:1037::/48| 2603:1047::/48|*. 2603:1047::/48| 2603:1057::/48|*. 2603:1057::/48| 2603:1063::/38|*. 2603:1063::/38| 2620:1ec:6::/48|*. 2620:1ec:6::/48| 2620:1ec:40::/42|*. 2620:1ec:40::/42|sfbassets.com|*.sfbassets.com|keydelivery.mediaservices.windows.net|*.keydelivery.mediaservices.windows.net| mlccdn.blob.core.windows.net|*. mlccdn.blob.core.windows.net|aka.ms|*.aka.ms|ecdn.microsoft.com|*.ecdn.microsoft.com|daud.dev|*.daud.dev"/>
    <property name="java.class.version" value="65.0"/>
  </properties>
  <testcase name="test" classname="no.fortedigital.kafka.WikimediaSourceTaskTest" time="2.328"/>
</testsuite>