<?xml version="1.0" encoding="UTF-8"?>
<testsuite xmlns:xsi="http://www.w3.org/2001/XMLSchema-instance" xsi:noNamespaceSchemaLocation="https://maven.apache.org/surefire/maven-surefire-plugin/xsd/surefire-test-report-3.0.xsd" version="3.0" name="no.fortedigital.kafka.WikimediaSourceConnectorTest" time="0.048" tests="1" errors="0" skipped="0" failures="0">
  <properties>
    <property name="java.specification.version" value="21"/>
    <property name="sun.jnu.encoding" value="UTF-8"/>
    <property name="java.class.path" value="/Users/daudmohamed/work/repo/cg-kafka/workshop2/3 - Connect/connectorSrcs/sources/kafka-connect-wikimedia-source/target/test-classes:/Users/daudmohamed/work/repo/cg-kafka/workshop2/3 - Connect/connectorSrcs/sources/kafka-connect-wikimedia-source/target/classes:/Users/daudmohamed/.m2/repository/org/apache/kafka/connect-api/3.3.2/connect-api-3.3.2.jar:/Users/daudmohamed/.m2/repository/org/apache/kafka/kafka-clients/3.3.2/kafka-clients-3.3.2.jar:/Users/daudmohamed/.m2/repository/com/github/luben/zstd-jni/1.5.2-1/zstd-jni-1.5.2-1.jar:/Users/daudmohamed/.m2/repository/org/lz4/lz4-java/1.8.0/lz4-java-1.8.0.jar:/Users/daudmohamed/.m2/repository/org/xerial/snappy/snappy-java/1.1.8.4/snappy-java-1.1.8.4.jar:/Users/daudmohamed/.m2/repository/org/slf4j/slf4j-api/1.7.36/slf4j-api-1.7.36.jar:/Users/daudmohamed/.m2/repository/javax/ws/rs/javax.ws.rs-api/2.1.1/javax.ws.rs-api-2.1.1.jar:/Users/daudmohamed/.m2/repository/junit/junit/4.12/junit-4.12.jar:/Users/daudmohamed/.m2/repository/org/hamcrest/hamcrest-core/1.3/hamcrest-core-1.3.jar:/Users/daudmohamed/.m2/repository/org/slf4j/slf4j-log4j12/1.7.25/slf4j-log4j12-1.7.25.jar:/Users/daudmohamed/.m2/repository/log4j/log4j/1.2.17/log4j-1.2.17.jar:/Users/daudmohamed/.m2/repository/com/mashape/unirest/unirest-java/1.4.9/unirest-java-1.4.9.jar:/Users/daudmohamed/.m2/repository/org/apache/httpcomponents/httpclient/4.5.2/httpclient-4.5.2.jar:/Users/daudmohamed/.m2/repository/org/apache/httpcomponents/httpcore/4.4.4/httpcore-4.4.4.jar:/Users/daudmohamed/.m2/repository/commons-logging/commons-logging/1.2/commons-logging-1.2.jar:/Users/daudmohamed/.m2/repository/commons-codec/commons-codec/1.9/commons-codec-1.9.jar:/Users/daudmohamed/.m2/repository/org/apache/httpcomponents/httpasyncclient/4.1.1/httpasyncclient-4.1.1.jar:/Users/daudmohamed/.m2/repository/org/apache/httpcomponents/httpcore-nio/4.4.4/httpcore-nio-4.4.4.jar:/Users/daudmohamed/.m2/repository/org/apache/httpcomponents/httpmime/4.5.2/httpmime-4.5.2.jar:/Users/daudmohamed/.m2/repository/org/json/json/20160212/json-20160212.jar:/Users/daudmohamed/.m2/repository/com/google/code/gson/gson/2.10.1/gson-2.10.1.jar:"/>
    <property name="java.vm.vendor" value="Amazon.com Inc."/>
    <property name="sun.arch.data.model" value="64"/>
    <property name="java.vendor.url" value="https://aws.amazon.com/corretto/"/>
    <property name="os.name" value="Mac OS X"/>
    <property name="java.vm.specification.version" value="21"/>
    <property name="sun.java.launcher" value="SUN_STANDARD"/>
    <property name="user.country" value="NO"/>
    <property name="sun.boot.library.path" value="/Users/daudmohamed/.sdkman/candidates/java/21-amzn/lib"/>
    <property name="sun.java.command" value="/Users/daudmohamed/work/repo/cg-kafka/workshop2/3 - Connect/connectorSrcs/sources/kafka-connect-wikimedia-source/target/surefire/surefirebooter-20240306123624199_3.jar /Users/daudmohamed/work/repo/cg-kafka/workshop2/3 - Connect/connectorSrcs/sources/kafka-connect-wikimedia-source/target/surefire 2024-03-06T12-36-24_155-jvmRun1 surefire-20240306123624199_1tmp surefire_0-20240306123624199_2tmp"/>
    <property name="http.nonProxyHosts" value="local|*.local|169.254/16|*.169.254/16"/>
    <property name="jdk.debug" value="release"/>
    <property name="surefire.test.class.path" value="/Users/daudmohamed/work/repo/cg-kafka/workshop2/3 - Connect/connectorSrcs/sources/kafka-connect-wikimedia-source/target/test-classes:/Users/daudmohamed/work/repo/cg-kafka/workshop2/3 - Connect/connectorSrcs/sources/kafka-connect-wikimedia-source/target/classes:/Users/daudmohamed/.m2/repository/org/apache/kafka/connect-api/3.3.2/connect-api-3.3.2.jar:/Users/daudmohamed/.m2/repository/org/apache/kafka/kafka-clients/3.3.2/kafka-clients-3.3.2.jar:/Users/daudmohamed/.m2/repository/com/github/luben/zstd-jni/1.5.2-1/zstd-jni-1.5.2-1.jar:/Users/daudmohamed/.m2/repository/org/lz4/lz4-java/1.8.0/lz4-java-1.8.0.jar:/Users/daudmohamed/.m2/repository/org/xerial/snappy/snappy-java/1.1.8.4/snappy-java-1.1.8.4.jar:/Users/daudmohamed/.m2/repository/org/slf4j/slf4j-api/1.7.36/slf4j-api-1.7.36.jar:/Users/daudmohamed/.m2/repository/javax/ws/rs/javax.ws.rs-api/2.1.1/javax.ws.rs-api-2.1.1.jar:/Users/daudmohamed/.m2/repository/junit/junit/4.12/junit-4.12.jar:/Users/daudmohamed/.m2/repository/org/hamcrest/hamcrest-core/1.3/hamcrest-core-1.3.jar:/Users/daudmohamed/.m2/repository/org/slf4j/slf4j-log4j12/1.7.25/slf4j-log4j12-1.7.25.jar:/Users/daudmohamed/.m2/repository/log4j/log4j/1.2.17/log4j-1.2.17.jar:/Users/daudmohamed/.m2/repository/com/mashape/unirest/unirest-java/1.4.9/unirest-java-1.4.9.jar:/Users/daudmohamed/.m2/repository/org/apache/httpcomponents/httpclient/4.5.2/httpclient-4.5.2.jar:/Users/daudmohamed/.m2/repository/org/apache/httpcomponents/httpcore/4.4.4/httpcore-4.4.4.jar:/Users/daudmohamed/.m2/repository/commons-logging/commons-logging/1.2/commons-logging-1.2.jar:/Users/daudmohamed/.m2/repository/commons-codec/commons-codec/1.9/commons-codec-1.9.jar:/Users/daudmohamed/.m2/repository/org/apache/httpcomponents/httpasyncclient/4.1.1/httpasyncclient-4.1.1.jar:/Users/daudmohamed/.m2/repository/org/apache/httpcomponents/httpcore-nio/4.4.4/httpcore-nio-4.4.4.jar:/Users/daudmohamed/.m2/repository/org/apache/httpcomponents/httpmime/4.5.2/httpmime-4.5.2.jar:/Users/daudmohamed/.m2/repository/org/json/json/20160212/json-20160212.jar:/Users/daudmohamed/.m2/repository/com/google/code/gson/gson/2.10.1/gson-2.10.1.jar:"/>
    <property name="sun.cpu.endian" value="little"/>
    <property name="user.home" value="/Users/daudmohamed"/>
    <property name="user.language" value="en"/>
    <property name="java.specification.vendor" value="Oracle Corporation"/>
    <property name="java.version.date" value="2023-09-19"/>
    <property name="java.home" value="/Users/daudmohamed/.sdkman/candidates/java/21-amzn"/>
    <property name="file.separator" value="/"/>
    <property name="basedir" value="/Users/daudmohamed/work/repo/cg-kafka/workshop2/3 - Connect/connectorSrcs/sources/kafka-connect-wikimedia-source"/>
    <property name="java.vm.compressedOopsMode" value="Zero based"/>
    <property name="line.separator" value="&#10;"/>
    <property name="java.vm.specification.vendor" value="Oracle Corporation"/>
    <property name="java.specification.name" value="Java Platform API Specification"/>
    <property name="apple.awt.application.name" value="ForkedBooter"/>
    <property name="surefire.real.class.path" value="/Users/daudmohamed/work/repo/cg-kafka/workshop2/3 - Connect/connectorSrcs/sources/kafka-connect-wikimedia-source/target/surefire/surefirebooter-20240306123624199_3.jar"/>
    <property name="sun.management.compiler" value="HotSpot 64-Bit Tiered Compilers"/>
    <property name="ftp.nonProxyHosts" value="local|*.local|169.254/16|*.169.254/16"/>
    <property name="java.runtime.version" value="21+35-LTS"/>
    <property name="user.name" value="daudmohamed"/>
    <property name="stdout.encoding" value="UTF-8"/>
    <property name="path.separator" value=":"/>
    <property name="os.version" value="13.6"/>
    <property name="java.runtime.name" value="OpenJDK Runtime Environment"/>
    <property name="file.encoding" value="UTF-8"/>
    <property name="java.vm.name" value="OpenJDK 64-Bit Server VM"/>
    <property name="java.vendor.version" value="Corretto-21.0.0.35.1"/>
    <property name="localRepository" value="/Users/daudmohamed/.m2/repository"/>
    <property name="java.vendor.url.bug" value="https://github.com/corretto/corretto-21/issues/"/>
    <property name="java.io.tmpdir" value="/var/folders/9m/0qj4tbqn06nfc9drplr8jknr0000gn/T/"/>
    <property name="java.version" value="21"/>
    <property name="user.dir" value="/Users/daudmohamed/work/repo/cg-kafka/workshop2/3 - Connect/connectorSrcs/sources/kafka-connect-wikimedia-source"/>
    <property name="os.arch" value="aarch64"/>
    <property name="java.vm.specification.name" value="Java Virtual Machine Specification"/>
    <property name="native.encoding" value="UTF-8"/>
    <property name="java.library.path" value="/Users/daudmohamed/Library/Java/Extensions:/Library/Java/Extensions:/Network/Library/Java/Extensions:/System/Library/Java/Extensions:/usr/lib/java:."/>
    <property name="java.vm.info" value="mixed mode, sharing"/>
    <property name="stderr.encoding" value="UTF-8"/>
    <property name="java.vendor" value="Amazon.com Inc."/>
    <property name="java.vm.version" value="21+35-LTS"/>
    <property name="sun.io.unicode.encoding" value="UnicodeBig"/>
    <property name="socksNonProxyHosts" value="local|*.local|169.254/16|*.169.254/16"/>
    <property name="java.class.version" value="65.0"/>
  </properties>
  <testcase name="taskConfigsShouldReturnOneTaskConfig" classname="no.fortedigital.kafka.WikimediaSourceConnectorTest" time="0.03">
    <system-err><![CDATA[log4j:WARN No appenders could be found for logger (no.fortedigital.kafka.WikimediaSourceConnectorConfig).
log4j:WARN Please initialize the log4j system properly.
log4j:WARN See http://logging.apache.org/log4j/1.2/faq.html#noconfig for more info.
]]></system-err>
  </testcase>
</testsuite>